# JRE version: Java(TM) SE Runtime Environment (8.0_74-b02) (build 1.8.0_74-b02)
# Java VM: Java HotSpot(TM) 64-Bit Server VM (25.74-b02 mixed mode linux-amd64 compressed oops)
Heap:
 PSYoungGen      total 248320K, used 157708K [0x00000000eab00000, 0x0000000100000000, 0x0000000100000000)
  eden space 150016K, 100% used [0x00000000eab00000,0x00000000f3d80000,0x00000000f3d80000)
  from space 98304K, 7% used [0x00000000f3d80000,0x00000000f45031f0,0x00000000f9d80000)
  to   space 95232K, 39% used [0x00000000fa300000,0x00000000fc798668,0x0000000100000000)
 ParOldGen       total 699392K, used 288717K [0x00000000c0000000, 0x00000000eab00000, 0x00000000eab00000)
  object space 699392K, 41% used [0x00000000c0000000,0x00000000d19f3778,0x00000000eab00000)
 Metaspace       used 153274K, capacity 156883K, committed 157056K, reserved 1177600K
  class space    used 27120K, capacity 27948K, committed 28032K, reserved 1048576K
GC Heap History (10 events):
Event: 59642.271 GC heap after
Heap after GC invocations=41 (full 2):
 PSYoungGen      total 232960K, used 38154K [0x00000000eab00000, 0x0000000100000000, 0x0000000100000000)
  eden space 119296K, 0% used [0x00000000eab00000,0x00000000eab00000,0x00000000f1f80000)
  from space 113664K, 33% used [0x00000000f1f80000,0x00000000f44c2998,0x00000000f8e80000)
  to   space 106496K, 0% used [0x00000000f9800000,0x00000000f9800000,0x0000000100000000)
 ParOldGen       total 699392K, used 279893K [0x00000000c0000000, 0x00000000eab00000, 0x00000000eab00000)
  object space 699392K, 40% used [0x00000000c0000000,0x00000000d1155708,0x00000000eab00000)
 Metaspace       used 151177K, capacity 154555K, committed 154752K, reserved 1177600K
  class space    used 26676K, capacity 27464K, committed 27520K, reserved 1048576K
}
Event: 59643.029 GC heap before
{Heap before GC invocations=42 (full 2):
 PSYoungGen      total 232960K, used 157450K [0x00000000eab00000, 0x0000000100000000, 0x0000000100000000)
  eden space 119296K, 100% used [0x00000000eab00000,0x00000000f1f80000,0x00000000f1f80000)
  from space 113664K, 33% used [0x00000000f1f80000,0x00000000f44c2998,0x00000000f8e80000)
  to   space 106496K, 0% used [0x00000000f9800000,0x00000000f9800000,0x0000000100000000)
 ParOldGen       total 699392K, used 279893K [0x00000000c0000000, 0x00000000eab00000, 0x00000000eab00000)
  object space 699392K, 40% used [0x00000000c0000000,0x00000000d1155708,0x00000000eab00000)
 Metaspace       used 151659K, capacity 155009K, committed 155136K, reserved 1177600K
  class space    used 26747K, capacity 27529K, committed 27648K, reserved 1048576K
Event: 59643.041 GC heap after
Heap after GC invocations=42 (full 2):
 PSYoungGen      total 244224K, used 5007K [0x00000000eab00000, 0x0000000100000000, 0x0000000100000000)
  eden space 137728K, 0% used [0x00000000eab00000,0x00000000eab00000,0x00000000f3180000)
  from space 106496K, 4% used [0x00000000f9800000,0x00000000f9ce3f40,0x0000000100000000)
  to   space 104960K, 0% used [0x00000000f3180000,0x00000000f3180000,0x00000000f9800000)
 ParOldGen       total 699392K, used 280045K [0x00000000c0000000, 0x00000000eab00000, 0x00000000eab00000)
  object space 699392K, 40% used [0x00000000c0000000,0x00000000d117b708,0x00000000eab00000)
 Metaspace       used 151659K, capacity 155009K, committed 155136K, reserved 1177600K
  class space    used 26747K, capacity 27529K, committed 27648K, reserved 1048576K
}
Event: 59809.894 GC heap before
{Heap before GC invocations=43 (full 2):
 PSYoungGen      total 244224K, used 142735K [0x00000000eab00000, 0x0000000100000000, 0x0000000100000000)
  eden space 137728K, 100% used [0x00000000eab00000,0x00000000f3180000,0x00000000f3180000)
  from space 106496K, 4% used [0x00000000f9800000,0x00000000f9ce3f40,0x0000000100000000)
  to   space 104960K, 0% used [0x00000000f3180000,0x00000000f3180000,0x00000000f9800000)
 ParOldGen       total 699392K, used 280045K [0x00000000c0000000, 0x00000000eab00000, 0x00000000eab00000)
  object space 699392K, 40% used [0x00000000c0000000,0x00000000d117b708,0x00000000eab00000)
 Metaspace       used 152182K, capacity 155617K, committed 155776K, reserved 1177600K
  class space    used 26885K, capacity 27705K, committed 27776K, reserved 1048576K
Event: 59809.904 GC heap after
Heap after GC invocations=43 (full 2):
 PSYoungGen      total 242688K, used 16908K [0x00000000eab00000, 0x0000000100000000, 0x0000000100000000)
  eden space 137728K, 0% used [0x00000000eab00000,0x00000000eab00000,0x00000000f3180000)
  from space 104960K, 16% used [0x00000000f3180000,0x00000000f4203200,0x00000000f9800000)
  to   space 100864K, 0% used [0x00000000f9d80000,0x00000000f9d80000,0x0000000100000000)
 ParOldGen       total 699392K, used 280497K [0x00000000c0000000, 0x00000000eab00000, 0x00000000eab00000)
  object space 699392K, 40% used [0x00000000c0000000,0x00000000d11ec718,0x00000000eab00000)
 Metaspace       used 152182K, capacity 155617K, committed 155776K, reserved 1177600K
  class space    used 26885K, capacity 27705K, committed 27776K, reserved 1048576K
}
Event: 59810.522 GC heap before
{Heap before GC invocations=44 (full 2):
 PSYoungGen      total 242688K, used 154636K [0x00000000eab00000, 0x0000000100000000, 0x0000000100000000)
  eden space 137728K, 100% used [0x00000000eab00000,0x00000000f3180000,0x00000000f3180000)
  from space 104960K, 16% used [0x00000000f3180000,0x00000000f4203200,0x00000000f9800000)
  to   space 100864K, 0% used [0x00000000f9d80000,0x00000000f9d80000,0x0000000100000000)
 ParOldGen       total 699392K, used 280497K [0x00000000c0000000, 0x00000000eab00000, 0x00000000eab00000)
  object space 699392K, 40% used [0x00000000c0000000,0x00000000d11ec718,0x00000000eab00000)
 Metaspace       used 152618K, capacity 156065K, committed 156288K, reserved 1177600K
  class space    used 26966K, capacity 27769K, committed 27776K, reserved 1048576K
Event: 59810.554 GC heap after
Heap after GC invocations=44 (full 2):
 PSYoungGen      total 250880K, used 6160K [0x00000000eab00000, 0x0000000100000000, 0x0000000100000000)
  eden space 150016K, 0% used [0x00000000eab00000,0x00000000eab00000,0x00000000f3d80000)
  from space 100864K, 6% used [0x00000000f9d80000,0x00000000fa384268,0x0000000100000000)
  to   space 98304K, 0% used [0x00000000f3d80000,0x00000000f3d80000,0x00000000f9d80000)
 ParOldGen       total 699392K, used 286371K [0x00000000c0000000, 0x00000000eab00000, 0x00000000eab00000)
  object space 699392K, 40% used [0x00000000c0000000,0x00000000d17a8fb0,0x00000000eab00000)
 Metaspace       used 152618K, capacity 156065K, committed 156288K, reserved 1177600K
  class space    used 26966K, capacity 27769K, committed 27776K, reserved 1048576K
}
Event: 59907.063 GC heap before
{Heap before GC invocations=45 (full 2):
 PSYoungGen      total 250880K, used 156176K [0x00000000eab00000, 0x0000000100000000, 0x0000000100000000)
  eden space 150016K, 100% used [0x00000000eab00000,0x00000000f3d80000,0x00000000f3d80000)
  from space 100864K, 6% used [0x00000000f9d80000,0x00000000fa384268,0x0000000100000000)
  to   space 98304K, 0% used [0x00000000f3d80000,0x00000000f3d80000,0x00000000f9d80000)
 ParOldGen       total 699392K, used 286371K [0x00000000c0000000, 0x00000000eab00000, 0x00000000eab00000)
  object space 699392K, 40% used [0x00000000c0000000,0x00000000d17a8fb0,0x00000000eab00000)
 Metaspace       used 152962K, capacity 156409K, committed 156672K, reserved 1177600K
  class space    used 27005K, capacity 27814K, committed 27904K, reserved 1048576K
Event: 59907.081 GC heap after
Heap after GC invocations=45 (full 2):
 PSYoungGen      total 248320K, used 7692K [0x00000000eab00000, 0x0000000100000000, 0x0000000100000000)
  eden space 150016K, 0% used [0x00000000eab00000,0x00000000eab00000,0x00000000f3d80000)
  from space 98304K, 7% used [0x00000000f3d80000,0x00000000f45031f0,0x00000000f9d80000)
  to   space 95232K, 0% used [0x00000000fa300000,0x00000000fa300000,0x0000000100000000)
 ParOldGen       total 699392K, used 287645K [0x00000000c0000000, 0x00000000eab00000, 0x00000000eab00000)
  object space 699392K, 41% used [0x00000000c0000000,0x00000000d18e7768,0x00000000eab00000)
 Metaspace       used 152962K, capacity 156409K, committed 156672K, reserved 1177600K
  class space    used 27005K, capacity 27814K, committed 27904K, reserved 1048576K
}
Event: 60116.611 GC heap before
{Heap before GC invocations=46 (full 2):
 PSYoungGen      total 248320K, used 157708K [0x00000000eab00000, 0x0000000100000000, 0x0000000100000000)
  eden space 150016K, 100% used [0x00000000eab00000,0x00000000f3d80000,0x00000000f3d80000)
  from space 98304K, 7% used [0x00000000f3d80000,0x00000000f45031f0,0x00000000f9d80000)
  to   space 95232K, 0% used [0x00000000fa300000,0x00000000fa300000,0x0000000100000000)
 ParOldGen       total 699392K, used 287645K [0x00000000c0000000, 0x00000000eab00000, 0x00000000eab00000)
  object space 699392K, 41% used [0x00000000c0000000,0x00000000d18e7768,0x00000000eab00000)
 Metaspace       used 153274K, capacity 156883K, committed 157056K, reserved 1177600K
  class space    used 27120K, capacity 27948K, committed 28032K, reserved 1048576K

